Arguments: 
  E:\Programs\nodejs\node.exe C:\Users\Alokik\AppData\Roaming\npm\node_modules\yarn\bin\yarn.js init

PATH: 
  C:\Users\Alokik\bin;E:\Programs\Git\mingw64\bin;E:\Programs\Git\usr\local\bin;E:\Programs\Git\usr\bin;E:\Programs\Git\usr\bin;E:\Programs\Git\mingw64\bin;E:\Programs\Git\usr\bin;C:\Users\Alokik\bin;C:\Windows\system32;C:\Windows;C:\Windows\System32\Wbem;C:\Windows\System32\WindowsPowerShell\v1.0;C:\Windows\System32\OpenSSH;C:\Program Files (x86)\NVIDIA Corporation\PhysX\Common;C:\Program Files\NVIDIA Corporation\NVIDIA NvDLISR;E:\Programs\Git\cmd;E:\Programs\nodejs;C:\Users\Alokik\AppData\Local\Microsoft\WindowsApps;E:\Programs\Microsoft VS Code\bin;C:\Users\Alokik\AppData\Roaming\npm;E:\Programs\Git\usr\bin\vendor_perl;E:\Programs\Git\usr\bin\core_perl

Yarn version: 
  1.22.18

Node version: 
  17.8.0

Platform: 
  win32 x64

Trace: 
  Error: Can't answer a question unless a user TTY
      at ConsoleReporter.question (C:\Users\Alokik\AppData\Roaming\npm\node_modules\yarn\lib\cli.js:92857:59)
      at Object.<anonymous> (C:\Users\Alokik\AppData\Roaming\npm\node_modules\yarn\lib\cli.js:85047:38)
      at Generator.next (<anonymous>)
      at step (C:\Users\Alokik\AppData\Roaming\npm\node_modules\yarn\lib\cli.js:310:30)
      at C:\Users\Alokik\AppData\Roaming\npm\node_modules\yarn\lib\cli.js:321:13

npm manifest: 
  No manifest

yarn manifest: 
  No manifest

Lockfile: 
  No lockfile
